<?xml version="1.0" encoding="UTF-8"?>
<robot generator="Robot 7.3.2 (Python 3.13.7 on win32)" generated="2025-09-27T16:33:56.410144" rpa="false" schemaversion="5">
<suite id="s1" name="Test-Automation" source="C:\Users\sulai\OneDrive\Documents\Repo\Test-Automation\Test-Automation">
<suite id="s1-s1" name="Project" source="C:\Users\sulai\OneDrive\Documents\Repo\Test-Automation\Test-Automation\project">
<suite id="s1-s1-s1" name="Sauce Labs" source="C:\Users\sulai\OneDrive\Documents\Repo\Test-Automation\Test-Automation\project\sauce_labs">
<suite id="s1-s1-s1-s1" name="Main" source="C:\Users\sulai\OneDrive\Documents\Repo\Test-Automation\Test-Automation\project\sauce_labs\main.robot">
<kw name="Suite Setup" owner="startup_shutdown" type="SETUP">
<kw name="Open Browser" owner="SeleniumLibrary">
<msg time="2025-09-27T16:33:56.936650" level="INFO">Opening browser 'chrome' to base url 'https://www.saucedemo.com/'.</msg>
<arg>url=${URL}</arg>
<arg>browser=${BROWSER}</arg>
<doc>Opens a new browser instance to the optional ``url``.</doc>
<status status="PASS" start="2025-09-27T16:33:56.935921" elapsed="3.613502"/>
</kw>
<kw name="Set Selenium Speed" owner="SeleniumLibrary">
<arg>${SELENIUM_SPEED}</arg>
<doc>Sets the delay that is waited after each Selenium command.</doc>
<status status="PASS" start="2025-09-27T16:34:00.549753" elapsed="0.000562"/>
</kw>
<if>
<branch type="IF" condition="${MAXIMIZE} == True">
<kw name="Maximize Browser Window" owner="SeleniumLibrary">
<doc>Maximizes current browser window.</doc>
<status status="PASS" start="2025-09-27T16:34:00.550922" elapsed="0.260813"/>
</kw>
<status status="PASS" start="2025-09-27T16:34:00.550553" elapsed="0.261413"/>
</branch>
<status status="PASS" start="2025-09-27T16:34:00.550493" elapsed="0.261561"/>
</if>
<arg>URL=${URL}</arg>
<arg>BROWSER=${BROWSER}</arg>
<arg>SELENIUM_SPEED=${SELENIUM_SPEED}</arg>
<arg>MAXIMIZE=${MAXAMIZE}</arg>
<doc>This keyword is executed once before all tests in the suite. Fill in the URL and browser type as needed.</doc>
<status status="PASS" start="2025-09-27T16:33:56.934089" elapsed="3.878058"/>
</kw>
<test id="s1-s1-s1-s1-t1" name="As The User I Should Be Able To View, Add, Note The Price And Remove The Product From The Cart" line="16">
<kw name="Log In" owner="front_page">
<kw name="GLOBAL Username" owner="global_library">
<if>
<branch type="IF" condition="'${RANDOM}'=='True'">
<kw name="Evaluate" owner="BuiltIn">
<msg time="2025-09-27T16:34:00.831201" level="INFO">${username} = standard_user</msg>
<var>${username}</var>
<arg>random.choice(${username})</arg>
<arg>random</arg>
<doc>Evaluates the given expression in Python and returns the result.</doc>
<status status="PASS" start="2025-09-27T16:34:00.830481" elapsed="0.001338"/>
</kw>
<status status="PASS" start="2025-09-27T16:34:00.829481" elapsed="0.002756"/>
</branch>
<status status="PASS" start="2025-09-27T16:34:00.829393" elapsed="0.002955"/>
</if>
<kw name="Input Text" owner="SeleniumLibrary">
<msg time="2025-09-27T16:34:00.835189" level="INFO">Typing text 'standard_user' into text field 'user-name'.</msg>
<arg>locator=${locator}</arg>
<arg>text=${username}</arg>
<doc>Types the given ``text`` into the text field identified by ``locator``.</doc>
<status status="PASS" start="2025-09-27T16:34:00.832677" elapsed="0.771190"/>
</kw>
<arg>username=${username list}</arg>
<arg>locator=${locator username}</arg>
<arg>RANDOM=True</arg>
<doc>Fills in a username. If RANDOM=True, picks one from a list randomly.</doc>
<status status="PASS" start="2025-09-27T16:34:00.827935" elapsed="0.776116"/>
</kw>
<kw name="GLOBAL Password" owner="global_library">
<if>
<branch type="IF" condition="'${RANDOM}'=='True'">
<kw name="Evaluate" owner="BuiltIn">
<var>${password}</var>
<arg>random.choice(${password})</arg>
<arg>random</arg>
<doc>Evaluates the given expression in Python and returns the result.</doc>
<status status="NOT RUN" start="2025-09-27T16:34:01.604901" elapsed="0.000087"/>
</kw>
<status status="NOT RUN" start="2025-09-27T16:34:01.604680" elapsed="0.000374"/>
</branch>
<status status="PASS" start="2025-09-27T16:34:01.604658" elapsed="0.000432"/>
</if>
<kw name="Input Text" owner="SeleniumLibrary">
<msg time="2025-09-27T16:34:01.605461" level="INFO">Typing text 'secret_sauce' into text field 'password'.</msg>
<arg>locator=${locator}</arg>
<arg>text=${password}</arg>
<doc>Types the given ``text`` into the text field identified by ``locator``.</doc>
<status status="PASS" start="2025-09-27T16:34:01.605153" elapsed="0.682844"/>
</kw>
<arg>password=${password}</arg>
<arg>locator=${locator password}</arg>
<doc>Fills in a password. If RANDOM=True, picks one from a list randomly.</doc>
<status status="PASS" start="2025-09-27T16:34:01.604259" elapsed="0.683988"/>
</kw>
<kw name="GLOBAL Button" owner="global_library">
<kw name="Run Keyword And Ignore Error" owner="BuiltIn">
<kw name="Click Button" owner="SeleniumLibrary">
<msg time="2025-09-27T16:34:02.289871" level="INFO">Clicking button 'login-button'.</msg>
<arg>${locator}</arg>
<doc>Clicks the button identified by ``locator``.</doc>
<status status="PASS" start="2025-09-27T16:34:02.289520" elapsed="0.699862"/>
</kw>
<msg time="2025-09-27T16:34:02.989702" level="INFO">${status} = PASS</msg>
<msg time="2025-09-27T16:34:02.990054" level="INFO">${msg} = None</msg>
<var>${status}</var>
<var>${msg}</var>
<arg>Click Button</arg>
<arg>${locator}</arg>
<doc>Runs the given keyword with the given arguments and ignores possible error.</doc>
<status status="PASS" start="2025-09-27T16:34:02.289188" elapsed="0.701042"/>
</kw>
<if>
<branch type="IF" condition="$status == 'FAIL'">
<kw name="Click Link" owner="SeleniumLibrary">
<arg>${locator}</arg>
<doc>Clicks a link identified by ``locator``.</doc>
<status status="NOT RUN" start="2025-09-27T16:34:02.991414" elapsed="0.000667"/>
</kw>
<status status="NOT RUN" start="2025-09-27T16:34:02.990625" elapsed="0.001588"/>
</branch>
<status status="PASS" start="2025-09-27T16:34:02.990564" elapsed="0.001719"/>
</if>
<arg>locator=${locator loginbutton}</arg>
<doc>This keyword is for finding and pressing buttons</doc>
<status status="PASS" start="2025-09-27T16:34:02.288559" elapsed="0.703831"/>
</kw>
<doc>This testcase is for verifying that the user can log in the webpage</doc>
<status status="PASS" start="2025-09-27T16:34:00.825473" elapsed="2.167019"/>
</kw>
<kw name="View, Add, Note Price And Remove From Cart Bike Light 0" owner="product_page">
<kw name="Special View Product" owner="sauce_labs_keywords">
<kw name="Click Link" owner="SeleniumLibrary">
<msg time="2025-09-27T16:34:02.994389" level="INFO">Clicking link 'id=item-0-title-link'.</msg>
<msg time="2025-09-27T16:34:03.569681" level="INFO" html="true">&lt;/td&gt;&lt;/tr&gt;&lt;tr&gt;&lt;td colspan="3"&gt;&lt;a href="selenium-screenshot-10.png"&gt;&lt;img src="selenium-screenshot-10.png" width="800px"&gt;&lt;/a&gt;</msg>
<msg time="2025-09-27T16:34:03.570011" level="FAIL">Link with locator 'id=item-0-title-link' not found.</msg>
<arg>id=${locator}</arg>
<doc>Clicks a link identified by ``locator``.</doc>
<status status="FAIL" start="2025-09-27T16:34:02.994042" elapsed="0.585435">Link with locator 'id=item-0-title-link' not found.</status>
</kw>
<arg>locator=item-0-title-link</arg>
<doc>Keyword for opening the product page</doc>
<status status="FAIL" start="2025-09-27T16:34:02.993464" elapsed="0.586564">Link with locator 'id=item-0-title-link' not found.</status>
</kw>
<kw name="Special Note Price" owner="sauce_labs_keywords">
<doc>Gets the price text from the product details page.</doc>
<status status="NOT RUN" start="2025-09-27T16:34:03.580572" elapsed="0.000345"/>
</kw>
<kw name="Special Add To Cart" owner="sauce_labs_keywords">
<doc>Adds the product to the cart</doc>
<status status="NOT RUN" start="2025-09-27T16:34:03.581141" elapsed="0.000104"/>
</kw>
<kw name="Special Remove From Cart" owner="sauce_labs_keywords">
<doc>Adds the product to the cart</doc>
<status status="NOT RUN" start="2025-09-27T16:34:03.581364" elapsed="0.000105"/>
</kw>
<doc>This testcase is for veryfing the functionality of the product page</doc>
<status status="FAIL" start="2025-09-27T16:34:02.993042" elapsed="0.588546">Link with locator 'id=item-0-title-link' not found.</status>
</kw>
<kw name="View, Add, Note Price And Remove From Cart T-Shirt 1" owner="product_page">
<doc>This testcase is for veryfing the functionality of the product page</doc>
<status status="NOT RUN" start="2025-09-27T16:34:03.582269" elapsed="0.000136"/>
</kw>
<kw name="View, Add, Note Price And Remove From Cart Onesie 2" owner="product_page">
<doc>This testcase is for veryfing the functionality of the product page</doc>
<status status="NOT RUN" start="2025-09-27T16:34:03.582798" elapsed="0.000132"/>
</kw>
<kw name="View, Add, Note Price And Remove From Cart Red Shirt 3" owner="product_page">
<doc>This testcase is for veryfing the functionality of the product page</doc>
<status status="NOT RUN" start="2025-09-27T16:34:03.583354" elapsed="0.000137"/>
</kw>
<kw name="View, Add, Note Price And Remove From Cart Backpack 4" owner="product_page">
<doc>This testcase is for veryfing the functionality of the product page</doc>
<status status="NOT RUN" start="2025-09-27T16:34:03.583672" elapsed="0.000091"/>
</kw>
<kw name="View, Add, Note Price And Remove From Cart Fleece Jacket 5">
<status status="NOT RUN" start="2025-09-27T16:34:03.583987" elapsed="0.000670"/>
</kw>
<doc>This testcase is for testing the entire proces of all the products</doc>
<status status="FAIL" start="2025-09-27T16:34:00.812329" elapsed="2.773062">Link with locator 'id=item-0-title-link' not found.</status>
</test>
<kw name="Suite Teardown" owner="startup_shutdown" type="TEARDOWN">
<kw name="Close All Browsers" owner="SeleniumLibrary">
<doc>Closes all open browsers and resets the browser cache.</doc>
<status status="PASS" start="2025-09-27T16:34:03.602803" elapsed="2.469361"/>
</kw>
<doc>This keyword is executed once after all tests in the suite.</doc>
<status status="PASS" start="2025-09-27T16:34:03.601953" elapsed="2.470430"/>
</kw>
<status status="FAIL" start="2025-09-27T16:33:56.509046" elapsed="9.563527"/>
</suite>
<status status="FAIL" start="2025-09-27T16:33:56.498025" elapsed="9.580025"/>
</suite>
<status status="FAIL" start="2025-09-27T16:33:56.481622" elapsed="9.600899"/>
</suite>
<status status="FAIL" start="2025-09-27T16:33:56.424136" elapsed="9.664116"/>
</suite>
<statistics>
<total>
<stat pass="0" fail="1" skip="0">All Tests</stat>
</total>
<tag>
</tag>
<suite>
<stat name="Test-Automation" id="s1" pass="0" fail="1" skip="0">Test-Automation</stat>
<stat name="Project" id="s1-s1" pass="0" fail="1" skip="0">Test-Automation.Project</stat>
<stat name="Sauce Labs" id="s1-s1-s1" pass="0" fail="1" skip="0">Test-Automation.Project.Sauce Labs</stat>
<stat name="Main" id="s1-s1-s1-s1" pass="0" fail="1" skip="0">Test-Automation.Project.Sauce Labs.Main</stat>
</suite>
</statistics>
<errors>
</errors>
</robot>
